2025-08-21 07:33:19,678 - api.main - ERROR - Error loading model: [Errno 2] No such file or directory: 'models/best_model.pkl'
2025-08-21 07:47:02,035 - api.main - ERROR - Error loading model: [Errno 2] No such file or directory: 'models/best_model.pkl'
2025-08-21 07:48:04,669 - api.main - INFO - GET /metrics - 200 - 0.0039s
2025-08-21 07:48:19,636 - api.main - INFO - GET /metrics - 200 - 0.0017s
2025-08-21 07:48:34,632 - api.main - INFO - GET /metrics - 200 - 0.0008s
2025-08-21 07:48:49,633 - api.main - INFO - GET /metrics - 200 - 0.0017s
2025-08-21 07:49:04,629 - api.main - INFO - GET /metrics - 200 - 0.0007s
2025-08-21 07:49:19,645 - api.main - INFO - GET /metrics - 200 - 0.0019s
2025-08-21 07:49:34,629 - api.main - INFO - GET /metrics - 200 - 0.0013s
2025-08-21 07:49:49,629 - api.main - INFO - GET /metrics - 200 - 0.0018s
2025-08-21 07:50:04,630 - api.main - INFO - GET /metrics - 200 - 0.0021s
2025-08-21 07:50:19,627 - api.main - INFO - GET /metrics - 200 - 0.0007s
2025-08-21 07:50:34,627 - api.main - INFO - GET /metrics - 200 - 0.0010s
2025-08-21 07:50:49,627 - api.main - INFO - GET /metrics - 200 - 0.0015s
2025-08-21 07:51:04,625 - api.main - INFO - GET /metrics - 200 - 0.0006s
2025-08-21 07:51:19,623 - api.main - INFO - GET /metrics - 200 - 0.0006s
2025-08-21 07:51:34,623 - api.main - INFO - GET /metrics - 200 - 0.0007s
2025-08-21 07:51:49,622 - api.main - INFO - GET /metrics - 200 - 0.0011s
2025-08-21 07:52:04,621 - api.main - INFO - GET /metrics - 200 - 0.0006s
2025-08-21 07:52:19,621 - api.main - INFO - GET /metrics - 200 - 0.0006s
2025-08-21 07:52:34,623 - api.main - INFO - GET /metrics - 200 - 0.0028s
2025-08-21 07:52:49,621 - api.main - INFO - GET /metrics - 200 - 0.0012s
2025-08-21 07:53:04,620 - api.main - INFO - GET /metrics - 200 - 0.0012s
2025-08-21 07:53:19,618 - api.main - INFO - GET /metrics - 200 - 0.0008s
2025-08-21 07:53:34,616 - api.main - INFO - GET /metrics - 200 - 0.0006s
2025-08-21 07:53:49,615 - api.main - INFO - GET /metrics - 200 - 0.0006s
2025-08-21 07:54:04,615 - api.main - INFO - GET /metrics - 200 - 0.0010s
2025-08-21 07:54:19,615 - api.main - INFO - GET /metrics - 200 - 0.0006s
2025-08-21 07:54:34,617 - api.main - INFO - GET /metrics - 200 - 0.0012s
2025-08-21 07:54:49,612 - api.main - INFO - GET /metrics - 200 - 0.0007s
2025-08-21 07:55:04,611 - api.main - INFO - GET /metrics - 200 - 0.0006s
2025-08-21 07:55:19,613 - api.main - INFO - GET /metrics - 200 - 0.0010s
2025-08-21 07:55:34,611 - api.main - INFO - GET /metrics - 200 - 0.0006s
2025-08-21 07:55:49,610 - api.main - INFO - GET /metrics - 200 - 0.0007s
2025-08-21 07:56:04,612 - api.main - INFO - GET /metrics - 200 - 0.0010s
2025-08-21 07:56:19,607 - api.main - INFO - GET /metrics - 200 - 0.0006s
2025-08-21 07:56:34,609 - api.main - INFO - GET /metrics - 200 - 0.0007s
2025-08-21 07:56:49,608 - api.main - INFO - GET /metrics - 200 - 0.0010s
2025-08-21 07:57:04,605 - api.main - INFO - GET /metrics - 200 - 0.0006s
2025-08-21 07:57:19,607 - api.main - INFO - GET /metrics - 200 - 0.0011s
2025-08-21 07:57:34,606 - api.main - INFO - GET /metrics - 200 - 0.0006s
2025-08-21 07:57:49,606 - api.main - INFO - GET /metrics - 200 - 0.0016s
2025-08-21 07:58:04,604 - api.main - INFO - GET /metrics - 200 - 0.0007s
2025-08-21 07:58:19,602 - api.main - INFO - GET /metrics - 200 - 0.0009s
2025-08-21 07:58:34,601 - api.main - INFO - GET /metrics - 200 - 0.0008s
2025-08-21 07:58:49,602 - api.main - INFO - GET /metrics - 200 - 0.0008s
2025-08-21 07:59:04,603 - api.main - INFO - GET /metrics - 200 - 0.0011s
2025-08-21 07:59:19,600 - api.main - INFO - GET /metrics - 200 - 0.0014s
2025-08-21 07:59:34,599 - api.main - INFO - GET /metrics - 200 - 0.0012s
2025-08-21 07:59:49,601 - api.main - INFO - GET /metrics - 200 - 0.0021s
2025-08-21 08:00:04,128 - api.main - INFO - GET / - 200 - 0.0022s
2025-08-21 08:00:04,597 - api.main - INFO - GET /metrics - 200 - 0.0009s
2025-08-21 08:00:05,678 - api.main - INFO - GET /favicon.ico - 404 - 0.0004s
2025-08-21 08:00:19,595 - api.main - INFO - GET /metrics - 200 - 0.0006s
2025-08-21 08:00:34,597 - api.main - INFO - GET /metrics - 200 - 0.0006s
2025-08-21 08:00:49,595 - api.main - INFO - GET /metrics - 200 - 0.0006s
2025-08-21 08:01:04,596 - api.main - INFO - GET /metrics - 200 - 0.0017s
2025-08-21 08:01:19,591 - api.main - INFO - GET /metrics - 200 - 0.0006s
2025-08-21 08:01:34,593 - api.main - INFO - GET /metrics - 200 - 0.0007s
2025-08-21 08:01:49,590 - api.main - INFO - GET /metrics - 200 - 0.0006s
2025-08-21 08:02:04,593 - api.main - INFO - GET /metrics - 200 - 0.0009s
2025-08-21 08:02:19,592 - api.main - INFO - GET /metrics - 200 - 0.0014s
2025-08-21 08:02:34,591 - api.main - INFO - GET /metrics - 200 - 0.0010s
2025-08-21 08:02:49,588 - api.main - INFO - GET /metrics - 200 - 0.0010s
2025-08-21 08:03:04,586 - api.main - INFO - GET /metrics - 200 - 0.0007s
2025-08-21 08:03:19,587 - api.main - INFO - GET /metrics - 200 - 0.0006s
2025-08-21 08:03:34,587 - api.main - INFO - GET /metrics - 200 - 0.0009s
2025-08-21 08:03:49,586 - api.main - INFO - GET /metrics - 200 - 0.0006s
2025-08-21 08:04:04,586 - api.main - INFO - GET /metrics - 200 - 0.0006s
2025-08-21 08:04:19,582 - api.main - INFO - GET /metrics - 200 - 0.0007s
2025-08-21 08:04:34,584 - api.main - INFO - GET /metrics - 200 - 0.0012s
2025-08-21 08:04:49,583 - api.main - INFO - GET /metrics - 200 - 0.0009s
2025-08-21 08:05:02,147 - api.main - ERROR - Error loading model: [Errno 2] No such file or directory: 'models/best_model.pkl'
2025-08-21 08:05:04,588 - api.main - INFO - GET /metrics - 200 - 0.0011s
2025-08-21 08:05:19,581 - api.main - INFO - GET /metrics - 200 - 0.0009s
2025-08-21 08:05:34,582 - api.main - INFO - GET /metrics - 200 - 0.0010s
2025-08-21 08:05:49,580 - api.main - INFO - GET /metrics - 200 - 0.0008s
2025-08-21 08:06:04,580 - api.main - INFO - GET /metrics - 200 - 0.0011s
2025-08-21 08:06:19,576 - api.main - INFO - GET /metrics - 200 - 0.0009s
2025-08-21 08:06:34,576 - api.main - INFO - GET /metrics - 200 - 0.0011s
2025-08-21 08:06:49,577 - api.main - INFO - GET /metrics - 200 - 0.0008s
2025-08-21 08:07:04,577 - api.main - INFO - GET /metrics - 200 - 0.0010s
2025-08-21 08:07:19,575 - api.main - INFO - GET /metrics - 200 - 0.0007s
2025-08-21 08:07:34,574 - api.main - INFO - GET /metrics - 200 - 0.0007s
2025-08-21 08:07:49,573 - api.main - INFO - GET /metrics - 200 - 0.0012s
2025-08-21 08:08:04,574 - api.main - INFO - GET /metrics - 200 - 0.0008s
2025-08-21 08:08:19,575 - api.main - INFO - GET /metrics - 200 - 0.0012s
2025-08-21 08:08:34,571 - api.main - INFO - GET /metrics - 200 - 0.0006s
2025-08-21 08:08:49,572 - api.main - INFO - GET /metrics - 200 - 0.0013s
2025-08-21 08:09:04,570 - api.main - INFO - GET /metrics - 200 - 0.0006s
2025-08-21 08:09:19,569 - api.main - INFO - GET /metrics - 200 - 0.0006s
2025-08-21 08:09:34,569 - api.main - INFO - GET /metrics - 200 - 0.0006s
2025-08-21 08:09:49,568 - api.main - INFO - GET /metrics - 200 - 0.0007s
2025-08-21 08:10:04,567 - api.main - INFO - GET /metrics - 200 - 0.0006s
2025-08-21 08:10:19,574 - api.main - INFO - GET /metrics - 200 - 0.0010s
2025-08-21 08:10:34,564 - api.main - INFO - GET /metrics - 200 - 0.0006s
2025-08-21 08:10:49,563 - api.main - INFO - GET /metrics - 200 - 0.0008s
2025-08-21 08:11:04,565 - api.main - INFO - GET /metrics - 200 - 0.0006s
2025-08-21 08:11:19,565 - api.main - INFO - GET /metrics - 200 - 0.0025s
2025-08-21 08:11:34,563 - api.main - INFO - GET /metrics - 200 - 0.0007s
2025-08-21 08:11:49,560 - api.main - INFO - GET /metrics - 200 - 0.0006s
2025-08-21 08:12:04,561 - api.main - INFO - GET /metrics - 200 - 0.0006s
2025-08-21 08:12:19,560 - api.main - INFO - GET /metrics - 200 - 0.0007s
2025-08-21 08:12:34,560 - api.main - INFO - GET /metrics - 200 - 0.0006s
2025-08-21 08:12:49,559 - api.main - INFO - GET /metrics - 200 - 0.0010s
2025-08-21 08:13:04,559 - api.main - INFO - GET /metrics - 200 - 0.0006s
2025-08-21 08:13:19,556 - api.main - INFO - GET /metrics - 200 - 0.0006s
2025-08-21 08:13:34,554 - api.main - INFO - GET /metrics - 200 - 0.0006s
2025-08-21 08:13:49,556 - api.main - INFO - GET /metrics - 200 - 0.0007s
2025-08-21 08:14:04,556 - api.main - INFO - GET /metrics - 200 - 0.0012s
2025-08-21 08:14:19,553 - api.main - INFO - GET /metrics - 200 - 0.0007s
2025-08-21 08:14:34,552 - api.main - INFO - GET /metrics - 200 - 0.0007s
2025-08-21 08:14:49,553 - api.main - INFO - GET /metrics - 200 - 0.0008s
2025-08-21 08:15:04,551 - api.main - INFO - GET /metrics - 200 - 0.0010s
2025-08-21 08:15:19,552 - api.main - INFO - GET /metrics - 200 - 0.0015s
2025-08-21 08:15:34,552 - api.main - INFO - GET /metrics - 200 - 0.0012s
2025-08-21 08:15:49,549 - api.main - INFO - GET /metrics - 200 - 0.0006s
2025-08-21 08:16:04,549 - api.main - INFO - GET /metrics - 200 - 0.0006s
2025-08-21 08:16:19,548 - api.main - INFO - GET /metrics - 200 - 0.0006s
2025-08-21 08:16:34,549 - api.main - INFO - GET /metrics - 200 - 0.0013s
2025-08-21 08:16:49,547 - api.main - INFO - GET /metrics - 200 - 0.0014s
2025-08-21 08:17:04,551 - api.main - INFO - GET /metrics - 200 - 0.0016s
2025-08-21 08:17:19,545 - api.main - INFO - GET /metrics - 200 - 0.0008s
2025-08-21 08:17:34,545 - api.main - INFO - GET /metrics - 200 - 0.0006s
2025-08-21 08:17:49,543 - api.main - INFO - GET /metrics - 200 - 0.0008s
2025-08-21 08:18:04,544 - api.main - INFO - GET /metrics - 200 - 0.0009s
2025-08-21 08:18:19,541 - api.main - INFO - GET /metrics - 200 - 0.0006s
2025-08-21 08:18:34,540 - api.main - INFO - GET /metrics - 200 - 0.0006s
2025-08-21 08:18:49,540 - api.main - INFO - GET /metrics - 200 - 0.0006s
2025-08-21 08:19:04,538 - api.main - INFO - GET /metrics - 200 - 0.0007s
2025-08-21 08:19:19,539 - api.main - INFO - GET /metrics - 200 - 0.0006s
2025-08-21 08:19:34,538 - api.main - INFO - GET /metrics - 200 - 0.0008s
2025-08-21 08:19:49,536 - api.main - INFO - GET /metrics - 200 - 0.0008s
2025-08-21 08:20:04,537 - api.main - INFO - GET /metrics - 200 - 0.0006s
2025-08-21 08:20:19,535 - api.main - INFO - GET /metrics - 200 - 0.0006s
2025-08-21 08:20:34,536 - api.main - INFO - GET /metrics - 200 - 0.0007s
2025-08-21 08:20:49,532 - api.main - INFO - GET /metrics - 200 - 0.0007s
2025-08-21 08:21:04,532 - api.main - INFO - GET /metrics - 200 - 0.0006s
2025-08-21 08:21:19,533 - api.main - INFO - GET /metrics - 200 - 0.0010s
2025-08-21 08:21:34,534 - api.main - INFO - GET /metrics - 200 - 0.0015s
2025-08-21 08:21:49,532 - api.main - INFO - GET /metrics - 200 - 0.0007s
2025-08-21 08:22:04,532 - api.main - INFO - GET /metrics - 200 - 0.0009s
2025-08-21 08:22:19,530 - api.main - INFO - GET /metrics - 200 - 0.0006s
2025-08-21 08:22:34,529 - api.main - INFO - GET /metrics - 200 - 0.0006s
2025-08-21 08:22:49,529 - api.main - INFO - GET /metrics - 200 - 0.0008s
2025-08-21 08:23:04,527 - api.main - INFO - GET /metrics - 200 - 0.0006s
2025-08-21 08:23:19,526 - api.main - INFO - GET /metrics - 200 - 0.0006s
2025-08-21 08:23:34,526 - api.main - INFO - GET /metrics - 200 - 0.0006s
2025-08-21 08:23:49,525 - api.main - INFO - GET /metrics - 200 - 0.0008s
2025-08-21 08:24:04,524 - api.main - INFO - GET /metrics - 200 - 0.0006s
2025-08-21 08:24:19,522 - api.main - INFO - GET /metrics - 200 - 0.0006s
2025-08-21 08:24:34,524 - api.main - INFO - GET /metrics - 200 - 0.0010s
2025-08-21 08:24:49,523 - api.main - INFO - GET /metrics - 200 - 0.0012s
2025-08-21 08:25:04,521 - api.main - INFO - GET /metrics - 200 - 0.0006s
2025-08-21 08:25:19,522 - api.main - INFO - GET /metrics - 200 - 0.0010s
2025-08-21 08:25:34,520 - api.main - INFO - GET /metrics - 200 - 0.0006s
2025-08-21 08:25:49,517 - api.main - INFO - GET /metrics - 200 - 0.0009s
2025-08-21 08:26:04,519 - api.main - INFO - GET /metrics - 200 - 0.0006s
2025-08-21 08:26:19,515 - api.main - INFO - GET /metrics - 200 - 0.0006s
2025-08-21 08:26:34,516 - api.main - INFO - GET /metrics - 200 - 0.0007s
2025-08-21 08:26:49,517 - api.main - INFO - GET /metrics - 200 - 0.0007s
2025-08-21 08:27:04,514 - api.main - INFO - GET /metrics - 200 - 0.0006s
2025-08-21 08:27:19,518 - api.main - INFO - GET /metrics - 200 - 0.0019s
2025-08-21 08:27:34,513 - api.main - INFO - GET /metrics - 200 - 0.0008s
2025-08-21 08:27:49,514 - api.main - INFO - GET /metrics - 200 - 0.0014s
2025-08-21 08:28:04,512 - api.main - INFO - GET /metrics - 200 - 0.0006s
2025-08-21 08:28:19,512 - api.main - INFO - GET /metrics - 200 - 0.0007s
2025-08-21 08:28:34,512 - api.main - INFO - GET /metrics - 200 - 0.0009s
2025-08-21 08:28:49,510 - api.main - INFO - GET /metrics - 200 - 0.0007s
2025-08-21 08:29:04,509 - api.main - INFO - GET /metrics - 200 - 0.0006s
2025-08-21 08:29:19,508 - api.main - INFO - GET /metrics - 200 - 0.0006s
2025-08-21 08:29:34,509 - api.main - INFO - GET /metrics - 200 - 0.0006s
2025-08-21 08:29:49,510 - api.main - INFO - GET /metrics - 200 - 0.0013s
2025-08-21 08:30:04,507 - api.main - INFO - GET /metrics - 200 - 0.0009s
2025-08-21 08:30:19,508 - api.main - INFO - GET /metrics - 200 - 0.0011s
2025-08-21 08:30:34,506 - api.main - INFO - GET /metrics - 200 - 0.0009s
2025-08-21 08:30:49,504 - api.main - INFO - GET /metrics - 200 - 0.0010s
2025-08-21 08:31:04,504 - api.main - INFO - GET /metrics - 200 - 0.0007s
2025-08-21 08:31:19,503 - api.main - INFO - GET /metrics - 200 - 0.0011s
2025-08-21 08:31:34,504 - api.main - INFO - GET /metrics - 200 - 0.0014s
2025-08-21 08:31:49,503 - api.main - INFO - GET /metrics - 200 - 0.0010s
2025-08-21 08:32:04,502 - api.main - INFO - GET /metrics - 200 - 0.0007s
2025-08-21 08:32:19,499 - api.main - INFO - GET /metrics - 200 - 0.0006s
2025-08-21 08:32:34,501 - api.main - INFO - GET /metrics - 200 - 0.0012s
2025-08-21 08:32:49,495 - api.main - INFO - GET /metrics - 200 - 0.0006s
2025-08-21 08:33:04,496 - api.main - INFO - GET /metrics - 200 - 0.0006s
2025-08-21 08:33:19,496 - api.main - INFO - GET /metrics - 200 - 0.0009s
2025-08-21 08:33:34,495 - api.main - INFO - GET /metrics - 200 - 0.0011s
2025-08-21 08:33:49,495 - api.main - INFO - GET /metrics - 200 - 0.0008s
2025-08-21 08:34:04,496 - api.main - INFO - GET /metrics - 200 - 0.0010s
2025-08-21 08:34:19,495 - api.main - INFO - GET /metrics - 200 - 0.0011s
2025-08-21 08:34:34,494 - api.main - INFO - GET /metrics - 200 - 0.0013s
2025-08-21 08:34:49,492 - api.main - INFO - GET /metrics - 200 - 0.0007s
2025-08-21 08:35:04,492 - api.main - INFO - GET /metrics - 200 - 0.0007s
2025-08-21 08:35:19,488 - api.main - INFO - GET /metrics - 200 - 0.0006s
2025-08-21 08:35:34,490 - api.main - INFO - GET /metrics - 200 - 0.0006s
2025-08-21 08:35:49,492 - api.main - INFO - GET /metrics - 200 - 0.0010s
2025-08-21 08:36:04,490 - api.main - INFO - GET /metrics - 200 - 0.0009s
2025-08-21 08:36:19,485 - api.main - INFO - GET /metrics - 200 - 0.0008s
2025-08-21 08:36:34,488 - api.main - INFO - GET /metrics - 200 - 0.0014s
2025-08-21 08:36:49,485 - api.main - INFO - GET /metrics - 200 - 0.0011s
2025-08-21 08:37:04,487 - api.main - INFO - GET /metrics - 200 - 0.0022s
2025-08-21 08:37:19,481 - api.main - INFO - GET /metrics - 200 - 0.0011s
2025-08-21 08:37:34,484 - api.main - INFO - GET /metrics - 200 - 0.0017s
2025-08-21 08:37:49,482 - api.main - INFO - GET /metrics - 200 - 0.0015s
2025-08-21 08:38:04,482 - api.main - INFO - GET /metrics - 200 - 0.0018s
2025-08-21 08:38:19,478 - api.main - INFO - GET /metrics - 200 - 0.0007s
2025-08-21 08:38:34,478 - api.main - INFO - GET /metrics - 200 - 0.0006s
2025-08-21 08:38:49,477 - api.main - INFO - GET /metrics - 200 - 0.0007s
2025-08-21 08:39:04,479 - api.main - INFO - GET /metrics - 200 - 0.0015s
2025-08-21 08:39:19,476 - api.main - INFO - GET /metrics - 200 - 0.0021s
2025-08-21 08:39:34,477 - api.main - INFO - GET /metrics - 200 - 0.0019s
2025-08-21 08:39:49,474 - api.main - INFO - GET /metrics - 200 - 0.0009s
2025-08-21 08:40:04,475 - api.main - INFO - GET /metrics - 200 - 0.0011s
2025-08-21 08:40:19,471 - api.main - INFO - GET /metrics - 200 - 0.0007s
2025-08-21 08:40:34,470 - api.main - INFO - GET /metrics - 200 - 0.0008s
2025-08-21 08:40:49,470 - api.main - INFO - GET /metrics - 200 - 0.0006s
2025-08-21 08:41:04,472 - api.main - INFO - GET /metrics - 200 - 0.0020s
2025-08-21 08:41:19,466 - api.main - INFO - GET /metrics - 200 - 0.0011s
2025-08-21 08:41:34,468 - api.main - INFO - GET /metrics - 200 - 0.0008s
2025-08-21 08:41:49,466 - api.main - INFO - GET /metrics - 200 - 0.0006s
2025-08-21 08:42:04,467 - api.main - INFO - GET /metrics - 200 - 0.0007s
2025-08-21 08:42:19,465 - api.main - INFO - GET /metrics - 200 - 0.0006s
2025-08-21 08:42:34,464 - api.main - INFO - GET /metrics - 200 - 0.0006s
2025-08-21 08:42:49,462 - api.main - INFO - GET /metrics - 200 - 0.0006s
2025-08-21 08:43:04,461 - api.main - INFO - GET /metrics - 200 - 0.0013s
2025-08-21 08:43:19,461 - api.main - INFO - GET /metrics - 200 - 0.0008s
2025-08-21 08:43:34,459 - api.main - INFO - GET /metrics - 200 - 0.0007s
2025-08-21 08:43:49,460 - api.main - INFO - GET /metrics - 200 - 0.0009s
2025-08-21 08:44:04,459 - api.main - INFO - GET /metrics - 200 - 0.0007s
2025-08-21 08:44:19,461 - api.main - INFO - GET /metrics - 200 - 0.0021s
2025-08-21 08:44:34,457 - api.main - INFO - GET /metrics - 200 - 0.0006s
2025-08-21 08:44:49,456 - api.main - INFO - GET /metrics - 200 - 0.0011s
2025-08-21 08:45:04,456 - api.main - INFO - GET /metrics - 200 - 0.0007s
2025-08-21 08:45:19,454 - api.main - INFO - GET /metrics - 200 - 0.0007s
2025-08-21 08:45:34,454 - api.main - INFO - GET /metrics - 200 - 0.0008s
2025-08-21 08:45:49,452 - api.main - INFO - GET /metrics - 200 - 0.0006s
2025-08-21 08:46:04,452 - api.main - INFO - GET /metrics - 200 - 0.0006s
2025-08-21 08:46:19,451 - api.main - INFO - GET /metrics - 200 - 0.0007s
2025-08-21 08:46:34,449 - api.main - INFO - GET /metrics - 200 - 0.0006s
2025-08-21 08:46:49,448 - api.main - INFO - GET /metrics - 200 - 0.0006s
2025-08-21 08:47:04,447 - api.main - INFO - GET /metrics - 200 - 0.0006s
2025-08-21 08:47:19,447 - api.main - INFO - GET /metrics - 200 - 0.0008s
2025-08-21 08:47:34,447 - api.main - INFO - GET /metrics - 200 - 0.0006s
2025-08-21 08:47:49,448 - api.main - INFO - GET /metrics - 200 - 0.0022s
2025-08-21 08:48:04,446 - api.main - INFO - GET /metrics - 200 - 0.0016s
2025-08-21 08:48:19,445 - api.main - INFO - GET /metrics - 200 - 0.0016s
2025-08-21 08:48:34,444 - api.main - INFO - GET /metrics - 200 - 0.0008s
2025-08-21 08:48:49,440 - api.main - INFO - GET /metrics - 200 - 0.0006s
2025-08-21 08:49:04,441 - api.main - INFO - GET /metrics - 200 - 0.0006s
2025-08-21 08:49:19,441 - api.main - INFO - GET /metrics - 200 - 0.0010s
2025-08-21 08:49:34,440 - api.main - INFO - GET /metrics - 200 - 0.0006s
2025-08-21 08:49:49,439 - api.main - INFO - GET /metrics - 200 - 0.0007s
2025-08-21 08:50:04,440 - api.main - INFO - GET /metrics - 200 - 0.0008s
2025-08-21 08:50:19,437 - api.main - INFO - GET /metrics - 200 - 0.0006s
2025-08-21 08:50:34,435 - api.main - INFO - GET /metrics - 200 - 0.0006s
2025-08-21 08:50:49,435 - api.main - INFO - GET /metrics - 200 - 0.0006s
2025-08-21 08:51:04,436 - api.main - INFO - GET /metrics - 200 - 0.0008s
2025-08-21 08:51:19,433 - api.main - INFO - GET /metrics - 200 - 0.0006s
2025-08-21 08:51:34,433 - api.main - INFO - GET /metrics - 200 - 0.0006s
2025-08-21 08:51:49,430 - api.main - INFO - GET /metrics - 200 - 0.0007s
2025-08-21 08:52:04,431 - api.main - INFO - GET /metrics - 200 - 0.0006s
2025-08-21 08:52:19,430 - api.main - INFO - GET /metrics - 200 - 0.0008s
2025-08-21 08:52:34,429 - api.main - INFO - GET /metrics - 200 - 0.0006s
2025-08-21 08:52:49,428 - api.main - INFO - GET /metrics - 200 - 0.0006s
2025-08-21 08:53:04,429 - api.main - INFO - GET /metrics - 200 - 0.0008s
2025-08-21 08:53:19,430 - api.main - INFO - GET /metrics - 200 - 0.0019s
2025-08-21 08:53:34,427 - api.main - INFO - GET /metrics - 200 - 0.0008s
2025-08-21 08:53:49,425 - api.main - INFO - GET /metrics - 200 - 0.0007s
2025-08-21 08:54:04,425 - api.main - INFO - GET /metrics - 200 - 0.0006s
2025-08-21 08:54:19,424 - api.main - INFO - GET /metrics - 200 - 0.0006s
2025-08-21 08:54:34,423 - api.main - INFO - GET /metrics - 200 - 0.0006s
2025-08-21 08:54:49,421 - api.main - INFO - GET /metrics - 200 - 0.0007s
2025-08-21 08:55:04,422 - api.main - INFO - GET /metrics - 200 - 0.0006s
2025-08-21 08:55:19,420 - api.main - INFO - GET /metrics - 200 - 0.0009s
2025-08-21 08:55:34,421 - api.main - INFO - GET /metrics - 200 - 0.0007s
2025-08-21 08:55:49,418 - api.main - INFO - GET /metrics - 200 - 0.0007s
2025-08-21 08:56:04,417 - api.main - INFO - GET /metrics - 200 - 0.0007s
2025-08-21 08:56:19,415 - api.main - INFO - GET /metrics - 200 - 0.0006s
2025-08-21 08:56:34,419 - api.main - INFO - GET /metrics - 200 - 0.0011s
2025-08-21 08:56:49,416 - api.main - INFO - GET /metrics - 200 - 0.0009s
2025-08-21 08:57:04,421 - api.main - INFO - GET /metrics - 200 - 0.0026s
2025-08-21 08:57:19,412 - api.main - INFO - GET /metrics - 200 - 0.0006s
2025-08-21 08:57:34,415 - api.main - INFO - GET /metrics - 200 - 0.0007s
2025-08-21 08:57:49,411 - api.main - INFO - GET /metrics - 200 - 0.0006s
2025-08-21 08:58:04,414 - api.main - INFO - GET /metrics - 200 - 0.0009s
2025-08-21 08:58:19,412 - api.main - INFO - GET /metrics - 200 - 0.0006s
2025-08-21 08:58:34,412 - api.main - INFO - GET /metrics - 200 - 0.0010s
2025-08-21 08:58:49,410 - api.main - INFO - GET /metrics - 200 - 0.0006s
2025-08-21 08:59:04,411 - api.main - INFO - GET /metrics - 200 - 0.0013s
2025-08-21 08:59:19,410 - api.main - INFO - GET /metrics - 200 - 0.0011s
2025-08-21 08:59:34,406 - api.main - INFO - GET /metrics - 200 - 0.0007s
2025-08-21 08:59:49,405 - api.main - INFO - GET /metrics - 200 - 0.0006s
2025-08-21 09:00:04,406 - api.main - INFO - GET /metrics - 200 - 0.0006s
2025-08-21 09:00:19,404 - api.main - INFO - GET /metrics - 200 - 0.0006s
2025-08-21 09:00:34,405 - api.main - INFO - GET /metrics - 200 - 0.0011s
2025-08-21 09:00:49,403 - api.main - INFO - GET /metrics - 200 - 0.0026s
2025-08-21 09:01:04,404 - api.main - INFO - GET /metrics - 200 - 0.0018s
2025-08-21 09:01:19,400 - api.main - INFO - GET /metrics - 200 - 0.0006s
2025-08-21 09:01:34,399 - api.main - INFO - GET /metrics - 200 - 0.0007s
2025-08-21 09:01:49,398 - api.main - INFO - GET /metrics - 200 - 0.0006s
2025-08-21 09:02:04,399 - api.main - INFO - GET /metrics - 200 - 0.0008s
2025-08-21 09:02:19,397 - api.main - INFO - GET /metrics - 200 - 0.0007s
2025-08-21 09:02:34,396 - api.main - INFO - GET /metrics - 200 - 0.0007s
2025-08-21 09:02:49,397 - api.main - INFO - GET /metrics - 200 - 0.0020s
2025-08-21 09:03:04,394 - api.main - INFO - GET /metrics - 200 - 0.0007s
2025-08-21 09:03:19,395 - api.main - INFO - GET /metrics - 200 - 0.0009s
2025-08-21 09:03:34,393 - api.main - INFO - GET /metrics - 200 - 0.0010s
2025-08-21 09:03:49,393 - api.main - INFO - GET /metrics - 200 - 0.0017s
2025-08-21 09:04:04,392 - api.main - INFO - GET /metrics - 200 - 0.0009s
2025-08-21 09:04:19,389 - api.main - INFO - GET /metrics - 200 - 0.0016s
2025-08-21 09:04:34,391 - api.main - INFO - GET /metrics - 200 - 0.0014s
2025-08-21 09:04:49,386 - api.main - INFO - GET /metrics - 200 - 0.0011s
2025-08-21 09:05:04,390 - api.main - INFO - GET /metrics - 200 - 0.0016s
2025-08-21 09:05:19,386 - api.main - INFO - GET /metrics - 200 - 0.0006s
2025-08-21 09:05:34,386 - api.main - INFO - GET /metrics - 200 - 0.0006s
2025-08-21 09:05:49,382 - api.main - INFO - GET /metrics - 200 - 0.0006s
2025-08-21 09:06:04,383 - api.main - INFO - GET /metrics - 200 - 0.0007s
2025-08-21 09:06:19,381 - api.main - INFO - GET /metrics - 200 - 0.0008s
2025-08-21 09:06:34,381 - api.main - INFO - GET /metrics - 200 - 0.0006s
2025-08-21 09:06:49,382 - api.main - INFO - GET /metrics - 200 - 0.0025s
2025-08-21 09:07:04,379 - api.main - INFO - GET /metrics - 200 - 0.0006s
2025-08-21 09:07:19,378 - api.main - INFO - GET /metrics - 200 - 0.0007s
2025-08-21 09:07:34,376 - api.main - INFO - GET /metrics - 200 - 0.0007s
2025-08-21 09:07:49,377 - api.main - INFO - GET /metrics - 200 - 0.0013s
2025-08-21 09:08:04,374 - api.main - INFO - GET /metrics - 200 - 0.0006s
2025-08-21 09:08:19,374 - api.main - INFO - GET /metrics - 200 - 0.0008s
2025-08-21 09:08:34,373 - api.main - INFO - GET /metrics - 200 - 0.0010s
2025-08-21 09:08:49,373 - api.main - INFO - GET /metrics - 200 - 0.0011s
2025-08-21 09:09:04,373 - api.main - INFO - GET /metrics - 200 - 0.0008s
2025-08-21 09:09:19,370 - api.main - INFO - GET /metrics - 200 - 0.0008s
2025-08-21 09:09:34,370 - api.main - INFO - GET /metrics - 200 - 0.0008s
2025-08-21 09:09:49,368 - api.main - INFO - GET /metrics - 200 - 0.0007s
2025-08-21 09:10:04,369 - api.main - INFO - GET /metrics - 200 - 0.0012s
2025-08-21 09:10:19,366 - api.main - INFO - GET /metrics - 200 - 0.0008s
2025-08-21 09:10:34,367 - api.main - INFO - GET /metrics - 200 - 0.0007s
2025-08-21 09:10:49,364 - api.main - INFO - GET /metrics - 200 - 0.0010s
2025-08-21 09:11:04,365 - api.main - INFO - GET /metrics - 200 - 0.0013s
2025-08-21 09:11:19,362 - api.main - INFO - GET /metrics - 200 - 0.0006s
2025-08-21 09:11:34,363 - api.main - INFO - GET /metrics - 200 - 0.0013s
2025-08-21 09:11:49,360 - api.main - INFO - GET /metrics - 200 - 0.0008s
2025-08-21 09:12:04,360 - api.main - INFO - GET /metrics - 200 - 0.0007s
2025-08-21 09:12:19,358 - api.main - INFO - GET /metrics - 200 - 0.0006s
2025-08-21 09:12:34,358 - api.main - INFO - GET /metrics - 200 - 0.0007s
2025-08-21 09:12:49,354 - api.main - INFO - GET /metrics - 200 - 0.0008s
2025-08-21 09:13:04,358 - api.main - INFO - GET /metrics - 200 - 0.0014s
2025-08-21 09:13:19,355 - api.main - INFO - GET /metrics - 200 - 0.0007s
2025-08-21 09:13:34,356 - api.main - INFO - GET /metrics - 200 - 0.0016s
2025-08-21 09:13:49,353 - api.main - INFO - GET /metrics - 200 - 0.0008s
2025-08-21 09:14:04,354 - api.main - INFO - GET /metrics - 200 - 0.0015s
2025-08-21 09:14:19,352 - api.main - INFO - GET /metrics - 200 - 0.0010s
2025-08-21 09:14:34,350 - api.main - INFO - GET /metrics - 200 - 0.0009s
2025-08-21 09:14:49,349 - api.main - INFO - GET /metrics - 200 - 0.0006s
2025-08-21 09:15:04,350 - api.main - INFO - GET /metrics - 200 - 0.0012s
2025-08-21 09:15:19,349 - api.main - INFO - GET /metrics - 200 - 0.0014s
2025-08-21 09:15:34,348 - api.main - INFO - GET /metrics - 200 - 0.0006s
2025-08-21 09:15:49,347 - api.main - INFO - GET /metrics - 200 - 0.0009s
2025-08-21 09:16:04,346 - api.main - INFO - GET /metrics - 200 - 0.0007s
2025-08-21 09:16:19,344 - api.main - INFO - GET /metrics - 200 - 0.0007s
2025-08-21 09:16:34,345 - api.main - INFO - GET /metrics - 200 - 0.0008s
2025-08-21 09:16:49,342 - api.main - INFO - GET /metrics - 200 - 0.0006s
2025-08-21 09:17:04,342 - api.main - INFO - GET /metrics - 200 - 0.0006s
2025-08-21 09:17:19,357 - api.main - INFO - GET /metrics - 200 - 0.0015s
2025-08-21 09:17:34,340 - api.main - INFO - GET /metrics - 200 - 0.0008s
2025-08-21 09:17:49,340 - api.main - INFO - GET /metrics - 200 - 0.0017s
2025-08-21 09:18:04,339 - api.main - INFO - GET /metrics - 200 - 0.0011s
2025-08-21 09:18:19,337 - api.main - INFO - GET /metrics - 200 - 0.0006s
2025-08-21 09:18:34,337 - api.main - INFO - GET /metrics - 200 - 0.0011s
2025-08-21 09:18:49,335 - api.main - INFO - GET /metrics - 200 - 0.0007s
2025-08-21 09:19:04,333 - api.main - INFO - GET /metrics - 200 - 0.0006s
2025-08-21 09:19:19,336 - api.main - INFO - GET /metrics - 200 - 0.0013s
2025-08-21 09:19:34,331 - api.main - INFO - GET /metrics - 200 - 0.0006s
2025-08-21 09:19:49,332 - api.main - INFO - GET /metrics - 200 - 0.0008s
2025-08-21 09:20:04,332 - api.main - INFO - GET /metrics - 200 - 0.0009s
2025-08-21 09:20:19,331 - api.main - INFO - GET /metrics - 200 - 0.0009s
2025-08-21 09:20:34,328 - api.main - INFO - GET /metrics - 200 - 0.0009s
2025-08-21 09:20:49,331 - api.main - INFO - GET /metrics - 200 - 0.0025s
2025-08-21 09:21:04,328 - api.main - INFO - GET /metrics - 200 - 0.0010s
2025-08-21 09:21:19,326 - api.main - INFO - GET /metrics - 200 - 0.0008s
2025-08-21 09:21:34,324 - api.main - INFO - GET /metrics - 200 - 0.0006s
2025-08-21 09:21:49,325 - api.main - INFO - GET /metrics - 200 - 0.0010s
2025-08-21 09:22:04,325 - api.main - INFO - GET /metrics - 200 - 0.0009s
2025-08-21 09:22:19,323 - api.main - INFO - GET /metrics - 200 - 0.0006s
2025-08-21 09:22:34,323 - api.main - INFO - GET /metrics - 200 - 0.0008s
2025-08-21 09:22:49,321 - api.main - INFO - GET /metrics - 200 - 0.0006s
2025-08-21 09:23:04,319 - api.main - INFO - GET /metrics - 200 - 0.0007s
2025-08-21 09:23:19,319 - api.main - INFO - GET /metrics - 200 - 0.0006s
2025-08-21 09:23:34,319 - api.main - INFO - GET /metrics - 200 - 0.0017s
2025-08-21 09:23:49,317 - api.main - INFO - GET /metrics - 200 - 0.0019s
2025-08-21 09:24:04,320 - api.main - INFO - GET /metrics - 200 - 0.0032s
2025-08-21 09:24:19,317 - api.main - INFO - GET /metrics - 200 - 0.0009s
2025-08-21 09:24:34,318 - api.main - INFO - GET /metrics - 200 - 0.0030s
2025-08-21 09:24:49,313 - api.main - INFO - GET /metrics - 200 - 0.0008s
2025-08-21 09:25:04,312 - api.main - INFO - GET /metrics - 200 - 0.0014s
2025-08-21 09:25:19,311 - api.main - INFO - GET /metrics - 200 - 0.0012s
2025-08-21 09:25:34,312 - api.main - INFO - GET /metrics - 200 - 0.0014s
2025-08-21 09:25:49,309 - api.main - INFO - GET /metrics - 200 - 0.0006s
2025-08-21 09:26:04,311 - api.main - INFO - GET /metrics - 200 - 0.0011s
2025-08-21 09:26:19,307 - api.main - INFO - GET /metrics - 200 - 0.0011s
2025-08-21 09:26:34,309 - api.main - INFO - GET /metrics - 200 - 0.0006s
2025-08-21 09:26:49,307 - api.main - INFO - GET /metrics - 200 - 0.0007s
2025-08-21 09:27:04,307 - api.main - INFO - GET /metrics - 200 - 0.0006s
2025-08-21 09:27:19,306 - api.main - INFO - GET /metrics - 200 - 0.0008s
2025-08-21 09:27:34,307 - api.main - INFO - GET /metrics - 200 - 0.0008s
2025-08-21 09:27:49,305 - api.main - INFO - GET /metrics - 200 - 0.0009s
2025-08-21 09:28:04,305 - api.main - INFO - GET /metrics - 200 - 0.0011s
2025-08-21 09:28:19,302 - api.main - INFO - GET /metrics - 200 - 0.0015s
2025-08-21 09:28:34,303 - api.main - INFO - GET /metrics - 200 - 0.0007s
2025-08-21 09:28:49,300 - api.main - INFO - GET /metrics - 200 - 0.0006s
2025-08-21 09:29:04,301 - api.main - INFO - GET /metrics - 200 - 0.0006s
2025-08-21 09:29:19,297 - api.main - INFO - GET /metrics - 200 - 0.0011s
2025-08-21 09:29:34,297 - api.main - INFO - GET /metrics - 200 - 0.0006s
2025-08-21 09:29:49,297 - api.main - INFO - GET /metrics - 200 - 0.0006s
2025-08-21 09:30:04,298 - api.main - INFO - GET /metrics - 200 - 0.0006s
2025-08-21 09:30:19,295 - api.main - INFO - GET /metrics - 200 - 0.0006s
2025-08-21 09:30:34,297 - api.main - INFO - GET /metrics - 200 - 0.0020s
2025-08-21 09:30:49,295 - api.main - INFO - GET /metrics - 200 - 0.0012s
2025-08-21 09:31:04,294 - api.main - INFO - GET /metrics - 200 - 0.0011s
2025-08-21 09:31:19,326 - api.main - INFO - GET /metrics - 200 - 0.0016s
2025-08-21 09:31:34,293 - api.main - INFO - GET /metrics - 200 - 0.0008s
2025-08-21 09:31:49,291 - api.main - INFO - GET /metrics - 200 - 0.0006s
2025-08-21 09:32:04,291 - api.main - INFO - GET /metrics - 200 - 0.0013s
2025-08-21 09:32:19,290 - api.main - INFO - GET /metrics - 200 - 0.0006s
2025-08-21 09:32:34,288 - api.main - INFO - GET /metrics - 200 - 0.0006s
2025-08-21 09:32:49,289 - api.main - INFO - GET /metrics - 200 - 0.0010s
2025-08-21 09:33:04,288 - api.main - INFO - GET /metrics - 200 - 0.0006s
2025-08-21 09:33:19,286 - api.main - INFO - GET /metrics - 200 - 0.0006s
2025-08-21 09:33:34,286 - api.main - INFO - GET /metrics - 200 - 0.0006s
2025-08-21 09:33:49,283 - api.main - INFO - GET /metrics - 200 - 0.0010s
2025-08-21 09:34:04,282 - api.main - INFO - GET /metrics - 200 - 0.0006s
2025-08-21 09:34:19,283 - api.main - INFO - GET /metrics - 200 - 0.0006s
2025-08-21 09:34:34,283 - api.main - INFO - GET /metrics - 200 - 0.0007s
2025-08-21 09:34:49,281 - api.main - INFO - GET /metrics - 200 - 0.0009s
2025-08-21 09:35:04,280 - api.main - INFO - GET /metrics - 200 - 0.0007s
2025-08-21 09:35:19,280 - api.main - INFO - GET /metrics - 200 - 0.0008s
2025-08-21 09:35:34,278 - api.main - INFO - GET /metrics - 200 - 0.0006s
2025-08-21 09:35:49,276 - api.main - INFO - GET /metrics - 200 - 0.0008s
2025-08-21 09:36:04,279 - api.main - INFO - GET /metrics - 200 - 0.0006s
2025-08-21 09:36:19,277 - api.main - INFO - GET /metrics - 200 - 0.0009s
2025-08-21 09:36:34,276 - api.main - INFO - GET /metrics - 200 - 0.0006s
2025-08-21 09:36:49,275 - api.main - INFO - GET /metrics - 200 - 0.0008s
2025-08-21 09:37:04,276 - api.main - INFO - GET /metrics - 200 - 0.0014s
2025-08-21 09:37:19,273 - api.main - INFO - GET /metrics - 200 - 0.0007s
2025-08-21 09:37:34,273 - api.main - INFO - GET /metrics - 200 - 0.0006s
2025-08-21 09:37:49,272 - api.main - INFO - GET /metrics - 200 - 0.0006s
2025-08-21 09:38:04,272 - api.main - INFO - GET /metrics - 200 - 0.0006s
2025-08-21 09:38:19,269 - api.main - INFO - GET /metrics - 200 - 0.0007s
2025-08-21 09:38:34,269 - api.main - INFO - GET /metrics - 200 - 0.0008s
2025-08-21 09:38:49,269 - api.main - INFO - GET /metrics - 200 - 0.0014s
2025-08-21 09:39:04,269 - api.main - INFO - GET /metrics - 200 - 0.0006s
2025-08-21 09:39:19,267 - api.main - INFO - GET /metrics - 200 - 0.0007s
2025-08-21 09:39:34,267 - api.main - INFO - GET /metrics - 200 - 0.0006s
2025-08-21 09:39:49,265 - api.main - INFO - GET /metrics - 200 - 0.0006s
2025-08-21 09:40:04,265 - api.main - INFO - GET /metrics - 200 - 0.0006s
2025-08-21 09:40:19,264 - api.main - INFO - GET /metrics - 200 - 0.0009s
2025-08-21 09:40:34,264 - api.main - INFO - GET /metrics - 200 - 0.0006s
2025-08-21 09:40:49,263 - api.main - INFO - GET /metrics - 200 - 0.0013s
2025-08-21 09:41:04,263 - api.main - INFO - GET /metrics - 200 - 0.0007s
2025-08-21 09:41:19,261 - api.main - INFO - GET /metrics - 200 - 0.0008s
2025-08-21 09:41:34,260 - api.main - INFO - GET /metrics - 200 - 0.0007s
2025-08-21 09:41:49,259 - api.main - INFO - GET /metrics - 200 - 0.0007s
2025-08-21 09:42:04,257 - api.main - INFO - GET /metrics - 200 - 0.0006s
2025-08-21 09:42:19,257 - api.main - INFO - GET /metrics - 200 - 0.0008s
2025-08-21 09:42:34,256 - api.main - INFO - GET /metrics - 200 - 0.0006s
2025-08-21 09:42:49,255 - api.main - INFO - GET /metrics - 200 - 0.0006s
2025-08-21 09:43:04,256 - api.main - INFO - GET /metrics - 200 - 0.0006s
2025-08-21 09:43:19,254 - api.main - INFO - GET /metrics - 200 - 0.0007s
2025-08-21 09:43:34,254 - api.main - INFO - GET /metrics - 200 - 0.0006s
2025-08-21 09:43:49,252 - api.main - INFO - GET /metrics - 200 - 0.0006s
2025-08-21 09:44:04,252 - api.main - INFO - GET /metrics - 200 - 0.0007s
2025-08-21 09:44:19,251 - api.main - INFO - GET /metrics - 200 - 0.0009s
2025-08-21 09:44:34,251 - api.main - INFO - GET /metrics - 200 - 0.0006s
2025-08-21 09:44:49,403 - api.main - INFO - GET /metrics - 200 - 0.0011s
2025-08-21 09:45:04,250 - api.main - INFO - GET /metrics - 200 - 0.0008s
2025-08-21 09:45:19,246 - api.main - INFO - GET /metrics - 200 - 0.0010s
2025-08-21 09:45:34,248 - api.main - INFO - GET /metrics - 200 - 0.0010s
2025-08-21 09:45:49,245 - api.main - INFO - GET /metrics - 200 - 0.0008s
2025-08-21 09:46:04,246 - api.main - INFO - GET /metrics - 200 - 0.0007s
2025-08-21 09:46:19,243 - api.main - INFO - GET /metrics - 200 - 0.0006s
2025-08-21 09:46:34,245 - api.main - INFO - GET /metrics - 200 - 0.0008s
2025-08-21 09:46:49,243 - api.main - INFO - GET /metrics - 200 - 0.0006s
2025-08-21 09:47:04,243 - api.main - INFO - GET /metrics - 200 - 0.0006s
2025-08-21 09:47:19,241 - api.main - INFO - GET /metrics - 200 - 0.0007s
2025-08-21 09:47:34,242 - api.main - INFO - GET /metrics - 200 - 0.0011s
2025-08-21 09:47:49,241 - api.main - INFO - GET /metrics - 200 - 0.0011s
2025-08-21 09:48:04,240 - api.main - INFO - GET /metrics - 200 - 0.0008s
2025-08-21 09:48:19,237 - api.main - INFO - GET /metrics - 200 - 0.0006s
2025-08-21 09:48:34,236 - api.main - INFO - GET /metrics - 200 - 0.0006s
2025-08-21 09:48:49,237 - api.main - INFO - GET /metrics - 200 - 0.0007s
2025-08-21 09:49:04,237 - api.main - INFO - GET /metrics - 200 - 0.0006s
2025-08-21 09:49:19,236 - api.main - INFO - GET /metrics - 200 - 0.0009s
2025-08-21 09:49:34,236 - api.main - INFO - GET /metrics - 200 - 0.0007s
2025-08-21 09:49:49,234 - api.main - INFO - GET /metrics - 200 - 0.0007s
2025-08-21 09:50:04,234 - api.main - INFO - GET /metrics - 200 - 0.0007s
2025-08-21 09:50:19,230 - api.main - INFO - GET /metrics - 200 - 0.0007s
2025-08-21 09:50:34,233 - api.main - INFO - GET /metrics - 200 - 0.0008s
2025-08-21 09:50:49,231 - api.main - INFO - GET /metrics - 200 - 0.0006s
2025-08-21 09:51:04,232 - api.main - INFO - GET /metrics - 200 - 0.0009s
2025-08-21 09:51:19,229 - api.main - INFO - GET /metrics - 200 - 0.0006s
2025-08-21 09:51:34,230 - api.main - INFO - GET /metrics - 200 - 0.0006s
2025-08-21 09:51:49,227 - api.main - INFO - GET /metrics - 200 - 0.0006s
2025-08-21 09:52:04,228 - api.main - INFO - GET /metrics - 200 - 0.0006s
2025-08-21 09:52:19,227 - api.main - INFO - GET /metrics - 200 - 0.0007s
2025-08-21 09:52:34,227 - api.main - INFO - GET /metrics - 200 - 0.0007s
2025-08-21 09:52:49,223 - api.main - INFO - GET /metrics - 200 - 0.0006s
2025-08-21 09:53:04,226 - api.main - INFO - GET /metrics - 200 - 0.0010s
2025-08-21 09:53:19,224 - api.main - INFO - GET /metrics - 200 - 0.0009s
2025-08-21 09:53:34,224 - api.main - INFO - GET /metrics - 200 - 0.0008s
2025-08-21 09:53:49,223 - api.main - INFO - GET /metrics - 200 - 0.0007s
2025-08-21 09:54:04,220 - api.main - INFO - GET /metrics - 200 - 0.0007s
2025-08-21 09:54:19,221 - api.main - INFO - GET /metrics - 200 - 0.0006s
2025-08-21 09:54:34,222 - api.main - INFO - GET /metrics - 200 - 0.0008s
2025-08-21 09:54:49,219 - api.main - INFO - GET /metrics - 200 - 0.0008s
2025-08-21 09:55:04,219 - api.main - INFO - GET /metrics - 200 - 0.0006s
2025-08-21 09:55:19,218 - api.main - INFO - GET /metrics - 200 - 0.0009s
2025-08-21 09:55:34,217 - api.main - INFO - GET /metrics - 200 - 0.0006s
2025-08-21 09:55:49,217 - api.main - INFO - GET /metrics - 200 - 0.0006s
2025-08-21 09:56:04,216 - api.main - INFO - GET /metrics - 200 - 0.0009s
2025-08-21 09:56:19,213 - api.main - INFO - GET /metrics - 200 - 0.0006s
2025-08-21 09:56:34,214 - api.main - INFO - GET /metrics - 200 - 0.0007s
2025-08-21 09:56:49,212 - api.main - INFO - GET /metrics - 200 - 0.0011s
2025-08-21 09:57:04,213 - api.main - INFO - GET /metrics - 200 - 0.0013s
2025-08-21 09:57:19,211 - api.main - INFO - GET /metrics - 200 - 0.0006s
2025-08-21 09:57:34,212 - api.main - INFO - GET /metrics - 200 - 0.0006s
2025-08-21 09:57:49,209 - api.main - INFO - GET /metrics - 200 - 0.0006s
2025-08-21 09:58:04,211 - api.main - INFO - GET /metrics - 200 - 0.0007s
2025-08-21 09:58:19,209 - api.main - INFO - GET /metrics - 200 - 0.0007s
2025-08-21 09:58:34,209 - api.main - INFO - GET /metrics - 200 - 0.0007s
2025-08-21 09:58:49,209 - api.main - INFO - GET /metrics - 200 - 0.0008s
2025-08-21 09:59:04,207 - api.main - INFO - GET /metrics - 200 - 0.0007s
2025-08-21 09:59:19,206 - api.main - INFO - GET /metrics - 200 - 0.0007s
2025-08-21 09:59:34,206 - api.main - INFO - GET /metrics - 200 - 0.0008s
2025-08-21 09:59:49,204 - api.main - INFO - GET /metrics - 200 - 0.0006s
2025-08-21 10:00:04,205 - api.main - INFO - GET /metrics - 200 - 0.0011s
2025-08-21 10:00:19,203 - api.main - INFO - GET /metrics - 200 - 0.0006s
2025-08-21 10:00:34,203 - api.main - INFO - GET /metrics - 200 - 0.0006s
2025-08-21 10:00:49,201 - api.main - INFO - GET /metrics - 200 - 0.0006s
2025-08-21 10:01:04,202 - api.main - INFO - GET /metrics - 200 - 0.0012s
2025-08-21 10:01:19,200 - api.main - INFO - GET /metrics - 200 - 0.0007s
2025-08-21 10:01:34,200 - api.main - INFO - GET /metrics - 200 - 0.0007s
2025-08-21 10:01:49,199 - api.main - INFO - GET /metrics - 200 - 0.0006s
2025-08-21 10:02:04,197 - api.main - INFO - GET /metrics - 200 - 0.0008s
2025-08-21 10:02:19,198 - api.main - INFO - GET /metrics - 200 - 0.0008s
2025-08-21 10:02:34,195 - api.main - INFO - GET /metrics - 200 - 0.0006s
2025-08-21 10:02:49,193 - api.main - INFO - GET /metrics - 200 - 0.0006s
2025-08-21 10:03:04,195 - api.main - INFO - GET /metrics - 200 - 0.0006s
2025-08-21 10:03:19,192 - api.main - INFO - GET /metrics - 200 - 0.0006s
2025-08-21 10:03:34,194 - api.main - INFO - GET /metrics - 200 - 0.0007s
2025-08-21 10:03:49,193 - api.main - INFO - GET /metrics - 200 - 0.0008s
2025-08-21 10:04:04,193 - api.main - INFO - GET /metrics - 200 - 0.0008s
2025-08-21 10:04:19,192 - api.main - INFO - GET /metrics - 200 - 0.0007s
2025-08-21 10:04:34,191 - api.main - INFO - GET /metrics - 200 - 0.0007s
2025-08-21 10:04:49,189 - api.main - INFO - GET /metrics - 200 - 0.0006s
2025-08-21 10:05:04,189 - api.main - INFO - GET /metrics - 200 - 0.0006s
2025-08-21 10:05:19,189 - api.main - INFO - GET /metrics - 200 - 0.0009s
2025-08-21 10:05:34,188 - api.main - INFO - GET /metrics - 200 - 0.0009s
2025-08-21 10:05:49,190 - api.main - INFO - GET /metrics - 200 - 0.0013s
2025-08-21 10:06:04,187 - api.main - INFO - GET /metrics - 200 - 0.0007s
2025-08-21 10:06:19,185 - api.main - INFO - GET /metrics - 200 - 0.0006s
2025-08-21 10:06:34,185 - api.main - INFO - GET /metrics - 200 - 0.0006s
2025-08-21 10:06:49,184 - api.main - INFO - GET /metrics - 200 - 0.0007s
2025-08-21 10:07:04,184 - api.main - INFO - GET /metrics - 200 - 0.0007s
2025-08-21 10:07:19,180 - api.main - INFO - GET /metrics - 200 - 0.0007s
2025-08-21 10:07:34,182 - api.main - INFO - GET /metrics - 200 - 0.0007s
2025-08-21 10:07:49,179 - api.main - INFO - GET /metrics - 200 - 0.0008s
2025-08-21 10:08:04,180 - api.main - INFO - GET /metrics - 200 - 0.0006s
2025-08-21 10:08:19,179 - api.main - INFO - GET /metrics - 200 - 0.0006s
2025-08-21 10:08:34,179 - api.main - INFO - GET /metrics - 200 - 0.0007s
2025-08-21 10:08:49,176 - api.main - INFO - GET /metrics - 200 - 0.0009s
2025-08-21 10:09:04,175 - api.main - INFO - GET /metrics - 200 - 0.0007s
2025-08-21 10:09:19,176 - api.main - INFO - GET /metrics - 200 - 0.0006s
2025-08-21 10:09:34,176 - api.main - INFO - GET /metrics - 200 - 0.0006s
2025-08-21 10:09:49,172 - api.main - INFO - GET /metrics - 200 - 0.0006s
2025-08-21 10:10:04,194 - api.main - INFO - GET /metrics - 200 - 0.0011s
2025-08-21 10:10:19,175 - api.main - INFO - GET /metrics - 200 - 0.0011s
2025-08-21 10:10:34,170 - api.main - INFO - GET /metrics - 200 - 0.0007s
2025-08-21 10:10:49,172 - api.main - INFO - GET /metrics - 200 - 0.0006s
2025-08-21 10:11:04,172 - api.main - INFO - GET /metrics - 200 - 0.0012s
2025-08-21 10:11:19,171 - api.main - INFO - GET /metrics - 200 - 0.0013s
2025-08-21 10:11:34,170 - api.main - INFO - GET /metrics - 200 - 0.0006s
2025-08-21 10:11:49,169 - api.main - INFO - GET /metrics - 200 - 0.0009s
2025-08-21 10:12:04,170 - api.main - INFO - GET /metrics - 200 - 0.0009s
2025-08-21 10:12:19,167 - api.main - INFO - GET /metrics - 200 - 0.0008s
2025-08-21 10:12:34,167 - api.main - INFO - GET /metrics - 200 - 0.0006s
2025-08-21 10:12:49,165 - api.main - INFO - GET /metrics - 200 - 0.0007s
2025-08-21 10:13:04,166 - api.main - INFO - GET /metrics - 200 - 0.0006s
2025-08-21 10:13:19,166 - api.main - INFO - GET /metrics - 200 - 0.0013s
2025-08-21 10:13:34,162 - api.main - INFO - GET /metrics - 200 - 0.0007s
2025-08-21 10:13:49,164 - api.main - INFO - GET /metrics - 200 - 0.0016s
2025-08-21 10:14:04,161 - api.main - INFO - GET /metrics - 200 - 0.0006s
2025-08-21 10:14:19,161 - api.main - INFO - GET /metrics - 200 - 0.0006s
2025-08-21 10:14:34,161 - api.main - INFO - GET /metrics - 200 - 0.0006s
2025-08-21 10:14:49,160 - api.main - INFO - GET /metrics - 200 - 0.0007s
2025-08-21 10:15:04,160 - api.main - INFO - GET /metrics - 200 - 0.0006s
2025-08-21 10:15:19,159 - api.main - INFO - GET /metrics - 200 - 0.0008s
2025-08-21 10:15:34,158 - api.main - INFO - GET /metrics - 200 - 0.0006s
2025-08-21 10:15:49,157 - api.main - INFO - GET /metrics - 200 - 0.0007s
2025-08-21 10:16:04,156 - api.main - INFO - GET /metrics - 200 - 0.0014s
2025-08-21 10:16:19,154 - api.main - INFO - GET /metrics - 200 - 0.0011s
2025-08-21 10:16:34,156 - api.main - INFO - GET /metrics - 200 - 0.0008s
2025-08-21 10:16:49,154 - api.main - INFO - GET /metrics - 200 - 0.0006s
2025-08-21 10:17:04,154 - api.main - INFO - GET /metrics - 200 - 0.0009s
2025-08-21 10:17:19,153 - api.main - INFO - GET /metrics - 200 - 0.0011s
2025-08-21 10:17:34,153 - api.main - INFO - GET /metrics - 200 - 0.0008s
2025-08-21 10:17:49,151 - api.main - INFO - GET /metrics - 200 - 0.0007s
2025-08-21 10:18:04,149 - api.main - INFO - GET /metrics - 200 - 0.0006s
2025-08-21 10:18:19,149 - api.main - INFO - GET /metrics - 200 - 0.0009s
2025-08-21 10:18:34,148 - api.main - INFO - GET /metrics - 200 - 0.0006s
2025-08-21 10:18:49,148 - api.main - INFO - GET /metrics - 200 - 0.0009s
2025-08-21 10:19:04,147 - api.main - INFO - GET /metrics - 200 - 0.0006s
2025-08-21 10:19:19,147 - api.main - INFO - GET /metrics - 200 - 0.0007s
2025-08-21 10:19:34,147 - api.main - INFO - GET /metrics - 200 - 0.0012s
2025-08-21 10:19:49,146 - api.main - INFO - GET /metrics - 200 - 0.0007s
2025-08-21 10:20:04,147 - api.main - INFO - GET /metrics - 200 - 0.0015s
2025-08-21 10:20:19,144 - api.main - INFO - GET /metrics - 200 - 0.0006s
2025-08-21 10:20:34,145 - api.main - INFO - GET /metrics - 200 - 0.0014s
2025-08-21 10:20:49,143 - api.main - INFO - GET /metrics - 200 - 0.0007s
2025-08-21 10:21:04,143 - api.main - INFO - GET /metrics - 200 - 0.0010s
2025-08-21 10:21:19,140 - api.main - INFO - GET /metrics - 200 - 0.0010s
2025-08-21 10:21:34,141 - api.main - INFO - GET /metrics - 200 - 0.0007s
2025-08-21 10:21:49,141 - api.main - INFO - GET /metrics - 200 - 0.0013s
2025-08-21 10:22:04,140 - api.main - INFO - GET /metrics - 200 - 0.0010s
2025-08-21 10:22:19,137 - api.main - INFO - GET /metrics - 200 - 0.0008s
2025-08-21 10:22:34,137 - api.main - INFO - GET /metrics - 200 - 0.0007s
2025-08-21 10:22:49,134 - api.main - INFO - GET /metrics - 200 - 0.0008s
2025-08-21 10:23:04,136 - api.main - INFO - GET /metrics - 200 - 0.0008s
2025-08-21 10:23:19,133 - api.main - INFO - GET /metrics - 200 - 0.0006s
2025-08-21 10:23:34,133 - api.main - INFO - GET /metrics - 200 - 0.0007s
2025-08-21 10:23:49,131 - api.main - INFO - GET /metrics - 200 - 0.0009s
2025-08-21 10:24:04,130 - api.main - INFO - GET /metrics - 200 - 0.0006s
2025-08-21 10:24:19,128 - api.main - INFO - GET /metrics - 200 - 0.0006s
2025-08-21 10:24:34,127 - api.main - INFO - GET /metrics - 200 - 0.0007s
2025-08-21 10:24:49,127 - api.main - INFO - GET /metrics - 200 - 0.0006s
2025-08-21 10:25:04,129 - api.main - INFO - GET /metrics - 200 - 0.0014s
2025-08-21 10:25:19,126 - api.main - INFO - GET /metrics - 200 - 0.0010s
2025-08-21 10:25:34,124 - api.main - INFO - GET /metrics - 200 - 0.0007s
2025-08-21 10:25:49,123 - api.main - INFO - GET /metrics - 200 - 0.0014s
2025-08-21 10:26:04,122 - api.main - INFO - GET /metrics - 200 - 0.0008s
2025-08-21 10:26:19,121 - api.main - INFO - GET /metrics - 200 - 0.0006s
2025-08-21 10:26:34,121 - api.main - INFO - GET /metrics - 200 - 0.0007s
2025-08-21 10:26:49,120 - api.main - INFO - GET /metrics - 200 - 0.0008s
2025-08-21 10:27:04,117 - api.main - INFO - GET /metrics - 200 - 0.0010s
2025-08-21 10:27:19,117 - api.main - INFO - GET /metrics - 200 - 0.0007s
2025-08-21 10:27:34,116 - api.main - INFO - GET /metrics - 200 - 0.0006s
2025-08-21 10:27:49,115 - api.main - INFO - GET /metrics - 200 - 0.0007s
2025-08-21 10:28:04,113 - api.main - INFO - GET /metrics - 200 - 0.0007s
2025-08-21 10:28:19,113 - api.main - INFO - GET /metrics - 200 - 0.0007s
2025-08-21 10:28:34,113 - api.main - INFO - GET /metrics - 200 - 0.0008s
2025-08-21 10:28:49,297 - api.main - INFO - GET /metrics - 200 - 0.0011s
2025-08-21 10:29:04,111 - api.main - INFO - GET /metrics - 200 - 0.0008s
2025-08-21 10:29:19,109 - api.main - INFO - GET /metrics - 200 - 0.0006s
2025-08-21 10:29:34,109 - api.main - INFO - GET /metrics - 200 - 0.0006s
2025-08-21 10:29:49,107 - api.main - INFO - GET /metrics - 200 - 0.0009s
2025-08-21 10:30:04,105 - api.main - INFO - GET /metrics - 200 - 0.0006s
2025-08-21 10:30:19,105 - api.main - INFO - GET /metrics - 200 - 0.0006s
2025-08-21 10:30:34,105 - api.main - INFO - GET /metrics - 200 - 0.0006s
2025-08-21 10:30:49,103 - api.main - INFO - GET /metrics - 200 - 0.0006s
2025-08-21 10:31:04,103 - api.main - INFO - GET /metrics - 200 - 0.0011s
2025-08-21 10:31:19,101 - api.main - INFO - GET /metrics - 200 - 0.0007s
2025-08-21 10:31:34,101 - api.main - INFO - GET /metrics - 200 - 0.0006s
2025-08-21 10:31:49,099 - api.main - INFO - GET /metrics - 200 - 0.0007s
2025-08-21 10:32:04,099 - api.main - INFO - GET /metrics - 200 - 0.0006s
2025-08-21 10:32:19,099 - api.main - INFO - GET /metrics - 200 - 0.0011s
2025-08-21 10:32:34,098 - api.main - INFO - GET /metrics - 200 - 0.0006s
2025-08-21 10:32:49,095 - api.main - INFO - GET /metrics - 200 - 0.0008s
2025-08-21 10:33:04,093 - api.main - INFO - GET /metrics - 200 - 0.0006s
2025-08-21 10:33:19,094 - api.main - INFO - GET /metrics - 200 - 0.0007s
2025-08-21 10:33:34,095 - api.main - INFO - GET /metrics - 200 - 0.0015s
2025-08-21 10:33:49,092 - api.main - INFO - GET /metrics - 200 - 0.0007s
2025-08-21 10:34:04,090 - api.main - INFO - GET /metrics - 200 - 0.0009s
2025-08-21 10:34:19,091 - api.main - INFO - GET /metrics - 200 - 0.0008s
2025-08-21 10:34:34,090 - api.main - INFO - GET /metrics - 200 - 0.0006s
2025-08-21 10:34:49,088 - api.main - INFO - GET /metrics - 200 - 0.0006s
2025-08-21 10:35:04,089 - api.main - INFO - GET /metrics - 200 - 0.0007s
2025-08-21 10:35:19,086 - api.main - INFO - GET /metrics - 200 - 0.0007s
2025-08-21 10:35:34,087 - api.main - INFO - GET /metrics - 200 - 0.0006s
2025-08-21 10:35:49,085 - api.main - INFO - GET /metrics - 200 - 0.0007s
2025-08-21 10:36:04,083 - api.main - INFO - GET /metrics - 200 - 0.0007s
2025-08-21 10:36:19,084 - api.main - INFO - GET /metrics - 200 - 0.0011s
2025-08-21 10:36:34,084 - api.main - INFO - GET /metrics - 200 - 0.0011s
2025-08-21 10:36:49,084 - api.main - INFO - GET /metrics - 200 - 0.0014s
2025-08-21 10:37:04,082 - api.main - INFO - GET /metrics - 200 - 0.0009s
2025-08-21 10:37:19,080 - api.main - INFO - GET /metrics - 200 - 0.0010s
2025-08-21 10:37:34,659 - api.main - INFO - GET /metrics - 200 - 0.0011s
2025-08-21 10:37:49,081 - api.main - INFO - GET /metrics - 200 - 0.0014s
2025-08-21 10:38:04,078 - api.main - INFO - GET /metrics - 200 - 0.0010s
2025-08-21 10:38:19,077 - api.main - INFO - GET /metrics - 200 - 0.0010s
2025-08-21 10:38:34,077 - api.main - INFO - GET /metrics - 200 - 0.0012s
2025-08-21 10:38:49,077 - api.main - INFO - GET /metrics - 200 - 0.0011s
2025-08-21 10:39:04,074 - api.main - INFO - GET /metrics - 200 - 0.0014s
2025-08-21 10:39:19,074 - api.main - INFO - GET /metrics - 200 - 0.0012s
2025-08-21 10:39:34,073 - api.main - INFO - GET /metrics - 200 - 0.0011s
2025-08-21 10:39:49,074 - api.main - INFO - GET /metrics - 200 - 0.0008s
2025-08-21 10:40:04,072 - api.main - INFO - GET /metrics - 200 - 0.0008s
2025-08-21 10:40:19,069 - api.main - INFO - GET /metrics - 200 - 0.0006s
2025-08-21 10:40:34,067 - api.main - INFO - GET /metrics - 200 - 0.0006s
2025-08-21 10:40:49,070 - api.main - INFO - GET /metrics - 200 - 0.0008s
2025-08-21 10:41:04,066 - api.main - INFO - GET /metrics - 200 - 0.0007s
2025-08-21 10:41:19,067 - api.main - INFO - GET /metrics - 200 - 0.0007s
2025-08-21 10:41:34,064 - api.main - INFO - GET /metrics - 200 - 0.0007s
2025-08-21 10:41:49,065 - api.main - INFO - GET /metrics - 200 - 0.0007s
2025-08-21 10:42:04,063 - api.main - INFO - GET /metrics - 200 - 0.0006s
2025-08-21 10:42:19,064 - api.main - INFO - GET /metrics - 200 - 0.0006s
2025-08-21 10:42:34,060 - api.main - INFO - GET /metrics - 200 - 0.0009s
2025-08-21 10:42:49,062 - api.main - INFO - GET /metrics - 200 - 0.0008s
2025-08-21 10:43:04,060 - api.main - INFO - GET /metrics - 200 - 0.0007s
2025-08-21 10:43:19,060 - api.main - INFO - GET /metrics - 200 - 0.0007s
2025-08-21 10:43:34,059 - api.main - INFO - GET /metrics - 200 - 0.0014s
2025-08-21 10:43:49,058 - api.main - INFO - GET /metrics - 200 - 0.0006s
2025-08-21 10:44:04,056 - api.main - INFO - GET /metrics - 200 - 0.0007s
2025-08-21 10:44:19,056 - api.main - INFO - GET /metrics - 200 - 0.0006s
2025-08-21 10:44:34,055 - api.main - INFO - GET /metrics - 200 - 0.0009s
2025-08-21 10:44:49,055 - api.main - INFO - GET /metrics - 200 - 0.0006s
2025-08-21 10:45:04,054 - api.main - INFO - GET /metrics - 200 - 0.0014s
2025-08-21 10:45:19,053 - api.main - INFO - GET /metrics - 200 - 0.0006s
2025-08-21 10:45:34,052 - api.main - INFO - GET /metrics - 200 - 0.0007s
2025-08-21 10:45:49,053 - api.main - INFO - GET /metrics - 200 - 0.0017s
2025-08-21 10:46:04,050 - api.main - INFO - GET /metrics - 200 - 0.0008s
2025-08-21 10:46:19,051 - api.main - INFO - GET /metrics - 200 - 0.0010s
2025-08-21 10:46:34,048 - api.main - INFO - GET /metrics - 200 - 0.0008s
2025-08-21 10:46:49,049 - api.main - INFO - GET /metrics - 200 - 0.0006s
2025-08-21 10:47:04,046 - api.main - INFO - GET /metrics - 200 - 0.0006s
2025-08-21 10:47:19,047 - api.main - INFO - GET /metrics - 200 - 0.0007s
2025-08-21 10:47:34,046 - api.main - INFO - GET /metrics - 200 - 0.0009s
2025-08-21 10:47:49,096 - api.main - INFO - GET /metrics - 200 - 0.0012s
2025-08-21 10:48:04,044 - api.main - INFO - GET /metrics - 200 - 0.0011s
2025-08-21 10:48:19,041 - api.main - INFO - GET /metrics - 200 - 0.0007s
2025-08-21 10:48:34,042 - api.main - INFO - GET /metrics - 200 - 0.0007s
2025-08-21 10:48:49,053 - api.main - INFO - GET /metrics - 200 - 0.0050s
2025-08-21 10:49:04,040 - api.main - INFO - GET /metrics - 200 - 0.0007s
2025-08-21 10:49:19,040 - api.main - INFO - GET /metrics - 200 - 0.0007s
2025-08-21 10:49:34,044 - api.main - INFO - GET /metrics - 200 - 0.0011s
2025-08-21 10:49:49,039 - api.main - INFO - GET /metrics - 200 - 0.0008s
2025-08-21 10:50:04,037 - api.main - INFO - GET /metrics - 200 - 0.0008s
2025-08-21 10:50:19,034 - api.main - INFO - GET /metrics - 200 - 0.0006s
2025-08-21 10:50:34,035 - api.main - INFO - GET /metrics - 200 - 0.0010s
2025-08-21 10:50:49,035 - api.main - INFO - GET /metrics - 200 - 0.0006s
2025-08-21 10:51:04,033 - api.main - INFO - GET /metrics - 200 - 0.0006s
2025-08-21 10:51:19,034 - api.main - INFO - GET /metrics - 200 - 0.0006s
2025-08-21 10:51:34,032 - api.main - INFO - GET /metrics - 200 - 0.0007s
2025-08-21 10:51:49,032 - api.main - INFO - GET /metrics - 200 - 0.0008s
2025-08-21 10:52:04,030 - api.main - INFO - GET /metrics - 200 - 0.0007s
2025-08-21 10:52:19,030 - api.main - INFO - GET /metrics - 200 - 0.0008s
2025-08-21 10:52:34,027 - api.main - INFO - GET /metrics - 200 - 0.0007s
2025-08-21 10:52:49,029 - api.main - INFO - GET /metrics - 200 - 0.0012s
2025-08-21 10:53:04,027 - api.main - INFO - GET /metrics - 200 - 0.0012s
2025-08-21 10:53:19,026 - api.main - INFO - GET /metrics - 200 - 0.0007s
2025-08-21 10:53:34,026 - api.main - INFO - GET /metrics - 200 - 0.0011s
2025-08-21 10:53:49,028 - api.main - INFO - GET /metrics - 200 - 0.0015s
2025-08-21 10:54:04,022 - api.main - INFO - GET /metrics - 200 - 0.0006s
2025-08-21 10:54:19,022 - api.main - INFO - GET /metrics - 200 - 0.0006s
2025-08-21 10:54:34,022 - api.main - INFO - GET /metrics - 200 - 0.0007s
2025-08-21 10:54:49,023 - api.main - INFO - GET /metrics - 200 - 0.0014s
2025-08-21 10:55:04,020 - api.main - INFO - GET /metrics - 200 - 0.0006s
2025-08-21 10:55:19,020 - api.main - INFO - GET /metrics - 200 - 0.0008s
2025-08-21 10:55:34,016 - api.main - INFO - GET /metrics - 200 - 0.0006s
2025-08-21 10:55:49,018 - api.main - INFO - GET /metrics - 200 - 0.0006s
2025-08-21 10:56:04,016 - api.main - INFO - GET /metrics - 200 - 0.0006s
2025-08-21 10:56:19,016 - api.main - INFO - GET /metrics - 200 - 0.0006s
2025-08-21 10:56:34,014 - api.main - INFO - GET /metrics - 200 - 0.0007s
2025-08-21 10:56:49,014 - api.main - INFO - GET /metrics - 200 - 0.0008s
2025-08-21 10:57:04,013 - api.main - INFO - GET /metrics - 200 - 0.0007s
2025-08-21 10:57:19,013 - api.main - INFO - GET /metrics - 200 - 0.0006s
2025-08-21 10:57:34,012 - api.main - INFO - GET /metrics - 200 - 0.0007s
2025-08-21 10:57:49,011 - api.main - INFO - GET /metrics - 200 - 0.0006s
2025-08-21 10:58:04,011 - api.main - INFO - GET /metrics - 200 - 0.0012s
2025-08-21 10:58:19,011 - api.main - INFO - GET /metrics - 200 - 0.0012s
2025-08-21 10:58:34,010 - api.main - INFO - GET /metrics - 200 - 0.0008s
2025-08-21 10:58:49,008 - api.main - INFO - GET /metrics - 200 - 0.0006s
2025-08-21 10:59:04,003 - api.main - INFO - GET /metrics - 200 - 0.0007s
2025-08-21 10:59:19,005 - api.main - INFO - GET /metrics - 200 - 0.0006s
2025-08-21 10:59:34,005 - api.main - INFO - GET /metrics - 200 - 0.0006s
2025-08-21 10:59:49,005 - api.main - INFO - GET /metrics - 200 - 0.0008s
2025-08-21 11:00:04,003 - api.main - INFO - GET /metrics - 200 - 0.0007s
2025-08-21 11:00:19,003 - api.main - INFO - GET /metrics - 200 - 0.0007s
2025-08-21 11:00:49,633 - api.main - INFO - GET /metrics - 200 - 0.0008s
2025-08-21 11:01:04,632 - api.main - INFO - GET /metrics - 200 - 0.0006s
2025-08-21 11:01:19,632 - api.main - INFO - GET /metrics - 200 - 0.0007s
2025-08-21 11:01:34,631 - api.main - INFO - GET /metrics - 200 - 0.0007s
2025-08-21 11:01:49,630 - api.main - INFO - GET /metrics - 200 - 0.0009s
2025-08-21 11:02:04,630 - api.main - INFO - GET /metrics - 200 - 0.0008s
2025-08-21 11:02:19,627 - api.main - INFO - GET /metrics - 200 - 0.0009s
2025-08-21 11:02:34,628 - api.main - INFO - GET /metrics - 200 - 0.0008s
2025-08-21 11:02:49,625 - api.main - INFO - GET /metrics - 200 - 0.0015s
2025-08-21 11:03:04,626 - api.main - INFO - GET /metrics - 200 - 0.0008s
2025-08-21 11:03:19,626 - api.main - INFO - GET /metrics - 200 - 0.0009s
2025-08-21 11:03:34,624 - api.main - INFO - GET /metrics - 200 - 0.0008s
2025-08-21 11:03:49,624 - api.main - INFO - GET /metrics - 200 - 0.0009s
2025-08-21 11:04:04,623 - api.main - INFO - GET /metrics - 200 - 0.0011s
2025-08-21 11:04:19,622 - api.main - INFO - GET /metrics - 200 - 0.0007s
2025-08-21 11:04:34,622 - api.main - INFO - GET /metrics - 200 - 0.0015s
2025-08-21 11:04:49,620 - api.main - INFO - GET /metrics - 200 - 0.0008s
2025-08-21 11:05:04,617 - api.main - INFO - GET /metrics - 200 - 0.0007s
2025-08-21 11:05:19,619 - api.main - INFO - GET /metrics - 200 - 0.0011s
2025-08-21 11:05:34,617 - api.main - INFO - GET /metrics - 200 - 0.0008s
2025-08-21 11:05:49,617 - api.main - INFO - GET /metrics - 200 - 0.0009s
2025-08-21 11:06:04,620 - api.main - INFO - GET /metrics - 200 - 0.0019s
2025-08-21 11:06:19,614 - api.main - INFO - GET /metrics - 200 - 0.0016s
2025-08-21 11:06:34,615 - api.main - INFO - GET /metrics - 200 - 0.0015s
2025-08-21 11:06:49,614 - api.main - INFO - GET /metrics - 200 - 0.0007s
2025-08-21 11:07:04,613 - api.main - INFO - GET /metrics - 200 - 0.0009s
2025-08-21 11:07:19,613 - api.main - INFO - GET /metrics - 200 - 0.0007s
2025-08-21 11:07:34,611 - api.main - INFO - GET /metrics - 200 - 0.0006s
2025-08-21 11:07:49,610 - api.main - INFO - GET /metrics - 200 - 0.0009s
2025-08-21 11:08:04,610 - api.main - INFO - GET /metrics - 200 - 0.0010s
2025-08-21 11:08:19,608 - api.main - INFO - GET /metrics - 200 - 0.0008s
2025-08-21 11:08:34,609 - api.main - INFO - GET /metrics - 200 - 0.0007s
2025-08-21 11:08:49,607 - api.main - INFO - GET /metrics - 200 - 0.0007s
2025-08-21 11:09:04,606 - api.main - INFO - GET /metrics - 200 - 0.0011s
2025-08-21 11:09:19,605 - api.main - INFO - GET /metrics - 200 - 0.0007s
2025-08-21 11:09:34,605 - api.main - INFO - GET /metrics - 200 - 0.0009s
2025-08-21 11:09:49,602 - api.main - INFO - GET /metrics - 200 - 0.0010s
2025-08-21 11:10:04,600 - api.main - INFO - GET /metrics - 200 - 0.0006s
2025-08-21 11:10:19,602 - api.main - INFO - GET /metrics - 200 - 0.0007s
2025-08-21 11:10:34,602 - api.main - INFO - GET /metrics - 200 - 0.0007s
2025-08-21 11:10:49,601 - api.main - INFO - GET /metrics - 200 - 0.0006s
2025-08-21 11:11:04,600 - api.main - INFO - GET /metrics - 200 - 0.0007s
2025-08-21 11:11:19,599 - api.main - INFO - GET /metrics - 200 - 0.0006s
2025-08-21 11:11:34,598 - api.main - INFO - GET /metrics - 200 - 0.0014s
2025-08-21 11:11:49,597 - api.main - INFO - GET /metrics - 200 - 0.0006s
2025-08-21 11:12:04,597 - api.main - INFO - GET /metrics - 200 - 0.0006s
2025-08-21 11:12:19,594 - api.main - INFO - GET /metrics - 200 - 0.0008s
2025-08-21 11:12:34,594 - api.main - INFO - GET /metrics - 200 - 0.0008s
2025-08-21 11:12:49,594 - api.main - INFO - GET /metrics - 200 - 0.0007s
2025-08-21 11:13:04,593 - api.main - INFO - GET /metrics - 200 - 0.0006s
2025-08-21 11:13:19,594 - api.main - INFO - GET /metrics - 200 - 0.0009s
2025-08-21 11:13:34,591 - api.main - INFO - GET /metrics - 200 - 0.0010s
2025-08-21 11:13:49,591 - api.main - INFO - GET /metrics - 200 - 0.0007s
2025-08-21 11:14:04,589 - api.main - INFO - GET /metrics - 200 - 0.0008s
2025-08-21 11:14:19,589 - api.main - INFO - GET /metrics - 200 - 0.0007s
2025-08-21 11:14:34,589 - api.main - INFO - GET /metrics - 200 - 0.0012s
2025-08-21 11:14:49,585 - api.main - INFO - GET /metrics - 200 - 0.0006s
2025-08-21 11:15:04,587 - api.main - INFO - GET /metrics - 200 - 0.0007s
2025-08-21 11:15:19,586 - api.main - INFO - GET /metrics - 200 - 0.0008s
2025-08-21 11:15:34,586 - api.main - INFO - GET /metrics - 200 - 0.0012s
2025-08-21 11:15:49,582 - api.main - INFO - GET /metrics - 200 - 0.0007s
2025-08-21 11:16:04,582 - api.main - INFO - GET /metrics - 200 - 0.0007s
2025-08-21 11:16:19,568 - api.main - INFO - GET /metrics - 200 - 0.0013s
2025-08-21 11:16:34,574 - api.main - INFO - GET /metrics - 200 - 0.0067s
2025-08-21 11:16:49,582 - api.main - INFO - GET /metrics - 200 - 0.0007s
2025-08-21 11:17:04,579 - api.main - INFO - GET /metrics - 200 - 0.0007s
2025-08-21 11:17:19,579 - api.main - INFO - GET /metrics - 200 - 0.0006s
2025-08-21 11:17:34,580 - api.main - INFO - GET /metrics - 200 - 0.0008s
2025-08-21 11:17:49,578 - api.main - INFO - GET /metrics - 200 - 0.0007s
2025-08-21 11:18:04,577 - api.main - INFO - GET /metrics - 200 - 0.0006s
2025-08-21 11:18:19,581 - api.main - INFO - GET /metrics - 200 - 0.0026s
2025-08-21 11:18:34,575 - api.main - INFO - GET /metrics - 200 - 0.0008s
2025-08-21 11:49:24,663 - api.main - INFO - GET /metrics - 200 - 0.0015s
2025-08-21 11:49:39,685 - api.main - INFO - GET /metrics - 200 - 0.0049s
2025-08-21 11:49:54,650 - api.main - INFO - GET /metrics - 200 - 0.0010s
2025-08-21 11:50:09,649 - api.main - INFO - GET /metrics - 200 - 0.0009s
2025-08-21 11:50:24,652 - api.main - INFO - GET /metrics - 200 - 0.0014s
2025-08-21 11:50:39,648 - api.main - INFO - GET /metrics - 200 - 0.0008s
2025-08-21 11:50:54,647 - api.main - INFO - GET /metrics - 200 - 0.0007s
2025-08-21 11:51:09,646 - api.main - INFO - GET /metrics - 200 - 0.0006s
2025-08-21 11:51:24,646 - api.main - INFO - GET /metrics - 200 - 0.0008s
2025-08-21 11:51:39,742 - api.main - INFO - GET /metrics - 200 - 0.0047s
2025-08-21 11:51:54,642 - api.main - INFO - GET /metrics - 200 - 0.0007s
2025-08-21 11:52:09,642 - api.main - INFO - GET /metrics - 200 - 0.0007s
2025-08-21 11:52:24,642 - api.main - INFO - GET /metrics - 200 - 0.0010s
2025-08-21 11:52:39,642 - api.main - INFO - GET /metrics - 200 - 0.0013s
2025-08-21 11:52:54,642 - api.main - INFO - GET /metrics - 200 - 0.0008s
2025-08-21 11:53:09,641 - api.main - INFO - GET /metrics - 200 - 0.0006s
2025-08-21 11:53:24,638 - api.main - INFO - GET /metrics - 200 - 0.0006s
2025-08-21 11:53:39,640 - api.main - INFO - GET /metrics - 200 - 0.0006s
2025-08-21 11:53:54,638 - api.main - INFO - GET /metrics - 200 - 0.0006s
2025-08-21 11:54:09,637 - api.main - INFO - GET /metrics - 200 - 0.0007s
2025-08-21 11:54:24,637 - api.main - INFO - GET /metrics - 200 - 0.0007s
2025-08-21 11:54:39,636 - api.main - INFO - GET /metrics - 200 - 0.0007s
2025-08-21 15:08:29,892 - api.main - INFO - GET /metrics - 200 - 0.0052s
2025-08-21 15:08:44,828 - api.main - INFO - GET /metrics - 200 - 0.0038s
2025-08-21 15:08:59,474 - api.main - INFO - GET /metrics - 200 - 0.0048s
2025-08-22 13:03:24,183 - api.main - INFO - Model loaded successfully
2025-08-22 13:03:35,741 - api.main - INFO - GET /metrics - 200 - 0.0008s
2025-08-22 13:03:45,564 - api.main - INFO - GET / - 200 - 0.0006s
2025-08-22 13:03:46,752 - api.main - INFO - GET /favicon.ico - 404 - 0.0006s
2025-08-22 13:03:50,728 - api.main - INFO - GET /metrics - 200 - 0.0008s
2025-08-22 13:04:05,726 - api.main - INFO - GET /metrics - 200 - 0.0009s
2025-08-22 13:04:20,724 - api.main - INFO - GET /metrics - 200 - 0.0006s
2025-08-22 13:04:35,728 - api.main - INFO - GET /metrics - 200 - 0.0024s
2025-08-22 13:04:50,724 - api.main - INFO - GET /metrics - 200 - 0.0006s
2025-08-22 13:05:05,723 - api.main - INFO - GET /metrics - 200 - 0.0006s
2025-08-22 13:05:20,722 - api.main - INFO - GET /metrics - 200 - 0.0011s
2025-08-22 13:05:35,722 - api.main - INFO - GET /metrics - 200 - 0.0008s
2025-08-22 13:05:50,722 - api.main - INFO - GET /metrics - 200 - 0.0007s
2025-08-22 13:06:05,722 - api.main - INFO - GET /metrics - 200 - 0.0013s
2025-08-22 13:06:20,718 - api.main - INFO - GET /metrics - 200 - 0.0006s
2025-08-22 13:06:35,719 - api.main - INFO - GET /metrics - 200 - 0.0007s
2025-08-22 13:06:50,719 - api.main - INFO - GET /metrics - 200 - 0.0006s
2025-08-22 13:07:05,718 - api.main - INFO - GET /metrics - 200 - 0.0007s
2025-08-22 13:07:20,719 - api.main - INFO - GET /metrics - 200 - 0.0010s
2025-08-22 13:07:35,716 - api.main - INFO - GET /metrics - 200 - 0.0006s
2025-08-22 13:07:50,717 - api.main - INFO - GET /metrics - 200 - 0.0007s
2025-08-22 13:08:05,715 - api.main - INFO - GET /metrics - 200 - 0.0008s
2025-08-22 13:08:20,715 - api.main - INFO - GET /metrics - 200 - 0.0008s
2025-08-22 13:08:35,714 - api.main - INFO - GET /metrics - 200 - 0.0008s
2025-08-22 13:08:50,715 - api.main - INFO - GET /metrics - 200 - 0.0007s
2025-08-22 13:09:05,714 - api.main - INFO - GET /metrics - 200 - 0.0007s
2025-08-22 13:09:20,711 - api.main - INFO - GET /metrics - 200 - 0.0008s
2025-08-22 13:09:35,712 - api.main - INFO - GET /metrics - 200 - 0.0011s
2025-08-22 13:09:50,711 - api.main - INFO - GET /metrics - 200 - 0.0012s
2025-08-22 13:10:05,710 - api.main - INFO - GET /metrics - 200 - 0.0010s
2025-08-22 13:10:20,709 - api.main - INFO - GET /metrics - 200 - 0.0007s
2025-08-22 13:10:35,709 - api.main - INFO - GET /metrics - 200 - 0.0011s
2025-08-22 13:10:50,707 - api.main - INFO - GET /metrics - 200 - 0.0006s
2025-08-22 13:11:05,706 - api.main - INFO - GET /metrics - 200 - 0.0006s
2025-08-22 13:11:20,705 - api.main - INFO - GET /metrics - 200 - 0.0006s
2025-08-22 13:11:35,707 - api.main - INFO - GET /metrics - 200 - 0.0010s
2025-08-22 13:11:50,703 - api.main - INFO - GET /metrics - 200 - 0.0007s
2025-08-22 13:12:05,703 - api.main - INFO - GET /metrics - 200 - 0.0007s
2025-08-22 13:12:20,705 - api.main - INFO - GET /metrics - 200 - 0.0014s
2025-08-22 13:12:35,703 - api.main - INFO - GET /metrics - 200 - 0.0008s
2025-08-22 13:12:50,702 - api.main - INFO - GET /metrics - 200 - 0.0007s
2025-08-22 13:13:05,701 - api.main - INFO - GET /metrics - 200 - 0.0006s
2025-08-22 13:13:20,700 - api.main - INFO - GET /metrics - 200 - 0.0009s
2025-08-22 13:13:35,698 - api.main - INFO - GET /metrics - 200 - 0.0007s
2025-08-22 13:13:50,699 - api.main - INFO - GET /metrics - 200 - 0.0006s
2025-08-22 13:14:05,697 - api.main - INFO - GET /metrics - 200 - 0.0013s
2025-08-22 13:14:20,697 - api.main - INFO - GET /metrics - 200 - 0.0009s
2025-08-22 13:14:35,697 - api.main - INFO - GET /metrics - 200 - 0.0009s
2025-08-22 13:14:50,694 - api.main - INFO - GET /metrics - 200 - 0.0006s
2025-08-22 13:15:05,694 - api.main - INFO - GET /metrics - 200 - 0.0006s
2025-08-22 13:15:20,695 - api.main - INFO - GET /metrics - 200 - 0.0008s
2025-08-22 13:15:35,694 - api.main - INFO - GET /metrics - 200 - 0.0006s
2025-08-22 13:15:50,694 - api.main - INFO - GET /metrics - 200 - 0.0007s
2025-08-22 13:16:05,694 - api.main - INFO - GET /metrics - 200 - 0.0013s
2025-08-22 13:16:20,694 - api.main - INFO - GET /metrics - 200 - 0.0008s
2025-08-22 13:16:35,691 - api.main - INFO - GET /metrics - 200 - 0.0010s
2025-08-22 13:16:50,697 - api.main - INFO - GET /metrics - 200 - 0.0033s
2025-08-22 13:17:05,689 - api.main - INFO - GET /metrics - 200 - 0.0010s
2025-08-22 13:17:20,690 - api.main - INFO - GET /metrics - 200 - 0.0008s
2025-08-22 13:17:35,689 - api.main - INFO - GET /metrics - 200 - 0.0010s
2025-08-22 13:17:50,686 - api.main - INFO - GET /metrics - 200 - 0.0015s
2025-08-22 13:18:05,688 - api.main - INFO - GET /metrics - 200 - 0.0019s
2025-08-22 13:18:20,686 - api.main - INFO - GET /metrics - 200 - 0.0006s
2025-08-22 13:18:35,685 - api.main - INFO - GET /metrics - 200 - 0.0009s
2025-08-22 13:18:50,685 - api.main - INFO - GET /metrics - 200 - 0.0008s
2025-08-22 13:19:05,684 - api.main - INFO - GET /metrics - 200 - 0.0007s
